#
# There is insufficient memory for the Java Runtime Environment to continue.
# Native memory allocation (mmap) failed to map 65536 bytes for Failed to commit metaspace.
# Possible reasons:
#   The system is out of physical RAM or swap space
#   The process is running with CompressedOops enabled, and the Java Heap may be blocking the growth of the native heap
# Possible solutions:
#   Reduce memory load on the system
#   Increase physical memory or swap space
#   Check if swap backing store is full
#   Decrease Java heap size (-Xmx/-Xms)
#   Decrease number of Java threads
#   Decrease Java thread stack sizes (-Xss)
#   Set larger code cache with -XX:ReservedCodeCacheSize=
#   JVM is running with Zero Based Compressed Oops mode in which the Java heap is
#     placed in the first 32GB address space. The Java Heap base address is the
#     maximum limit for the native heap growth. Please use -XX:HeapBaseMinAddress
#     to set the Java Heap base and to place the Java Heap above 32GB virtual address.
# This output file may be truncated or incomplete.
#
#  Out of Memory Error (virtualSpaceNode.cpp:108), pid=13116, tid=14360
#
# JRE version: Java(TM) SE Runtime Environment (16.0.2+7) (build 16.0.2+7-67)
# Java VM: Java HotSpot(TM) 64-Bit Server VM (16.0.2+7-67, mixed mode, sharing, tiered, compressed oops, compressed class ptrs, g1 gc, windows-amd64)
# No core dump will be written. Minidumps are not enabled by default on client versions of Windows
#

---------------  S U M M A R Y ------------

Command Line: -Dfile.encoding=UTF-8 --module-path=C:\Users\Shannon\OneDrive\Documents\NetBeansProjects\Electricity Billing System\build\classes electricity.billing.system.Signup

Host: AMD Ryzen 3 3300U with Radeon Vega Mobile Gfx  , 4 cores, 9G,  Windows 10 , 64 bit Build 22621 (10.0.22621.2428)
Time: Wed Nov 22 21:05:36 2023 India Standard Time elapsed time: 0.197631 seconds (0d 0h 0m 0s)

---------------  T H R E A D  ---------------

Current thread (0x0000024c10e38440):  JavaThread "main" [_thread_in_vm, id=14360, stack(0x0000006a33500000,0x0000006a33600000)]

Stack: [0x0000006a33500000,0x0000006a33600000]
Native frames: (J=compiled Java code, j=interpreted, Vv=VM code, C=native code)
V  [jvm.dll+0x6681ca]
V  [jvm.dll+0x7c9e69]
V  [jvm.dll+0x7cb61e]
V  [jvm.dll+0x7cbc73]
V  [jvm.dll+0x242c55]
V  [jvm.dll+0x7c64eb]
V  [jvm.dll+0x60ddd6]
V  [jvm.dll+0x60de3a]
V  [jvm.dll+0x61046a]
V  [jvm.dll+0x60e6d1]
V  [jvm.dll+0x61fa42]
V  [jvm.dll+0x619006]
V  [jvm.dll+0x375dea]
C  0x0000024c19d8cb75

Java frames: (J=compiled Java code, j=interpreted, Vv=VM code)
j  java.nio.charset.CoderResult.isUnderflow()Z+0 java.base@16.0.2
j  java.nio.charset.CharsetEncoder.encode(Ljava/nio/CharBuffer;Ljava/nio/ByteBuffer;Z)Ljava/nio/charset/CoderResult;+90 java.base@16.0.2
j  sun.nio.cs.StreamEncoder.implWrite(Ljava/nio/CharBuffer;)V+30 java.base@16.0.2
j  sun.nio.cs.StreamEncoder.implWrite([CII)V+11 java.base@16.0.2
j  sun.nio.cs.StreamEncoder.write([CII)V+60 java.base@16.0.2
j  java.io.OutputStreamWriter.write([CII)V+7 java.base@16.0.2
j  java.io.BufferedWriter.flushBuffer()V+34 java.base@16.0.2
j  java.io.PrintStream.writeln(Ljava/lang/String;)V+27 java.base@16.0.2
j  java.io.PrintStream.println(Ljava/lang/String;)V+14 java.base@16.0.2
j  java.lang.System.logInitException(ZZLjava/lang/String;Ljava/lang/Throwable;)V+40 java.base@16.0.2
j  java.lang.System.initPhase2(ZZ)I+16 java.base@16.0.2
v  ~StubRoutines::call_stub

---------------  P R O C E S S  ---------------

Threads class SMR info:
_java_thread_list=0x0000024c32467180, length=11, elements={
0x0000024c10e38440, 0x0000024c31810220, 0x0000024c318130f0, 0x0000024c31823420,
0x0000024c31825e30, 0x0000024c31826830, 0x0000024c31827230, 0x0000024c31827f60,
0x0000024c318289a0, 0x0000024c31830900, 0x0000024c317f3d50
}

Java Threads: ( => current thread )
=>0x0000024c10e38440 JavaThread "main" [_thread_in_vm, id=14360, stack(0x0000006a33500000,0x0000006a33600000)]
  0x0000024c31810220 JavaThread "Reference Handler" daemon [_thread_blocked, id=2168, stack(0x0000006a33c00000,0x0000006a33d00000)]
  0x0000024c318130f0 JavaThread "Finalizer" daemon [_thread_blocked, id=17484, stack(0x0000006a33d00000,0x0000006a33e00000)]
  0x0000024c31823420 JavaThread "Signal Dispatcher" daemon [_thread_blocked, id=16280, stack(0x0000006a33e00000,0x0000006a33f00000)]
  0x0000024c31825e30 JavaThread "Attach Listener" daemon [_thread_blocked, id=11576, stack(0x0000006a33f00000,0x0000006a34000000)]
  0x0000024c31826830 JavaThread "Service Thread" daemon [_thread_blocked, id=9452, stack(0x0000006a34000000,0x0000006a34100000)]
  0x0000024c31827230 JavaThread "Monitor Deflation Thread" daemon [_thread_blocked, id=13592, stack(0x0000006a34100000,0x0000006a34200000)]
  0x0000024c31827f60 JavaThread "C2 CompilerThread0" daemon [_thread_blocked, id=19304, stack(0x0000006a34200000,0x0000006a34300000)]
  0x0000024c318289a0 JavaThread "C1 CompilerThread0" daemon [_thread_blocked, id=17820, stack(0x0000006a34300000,0x0000006a34400000)]
  0x0000024c31830900 JavaThread "Sweeper thread" daemon [_thread_blocked, id=13940, stack(0x0000006a34400000,0x0000006a34500000)]
  0x0000024c317f3d50 JavaThread "Common-Cleaner" daemon [_thread_blocked, id=21420, stack(0x0000006a34500000,0x0000006a34600000)]

Other Threads:
  0x0000024c3180d5e0 VMThread "VM Thread" [stack: 0x0000006a33b00000,0x0000006a33c00000] [id=4664]
  0x0000024c10e762f0 GCTaskThread "GC Thread#0" [stack: 0x0000006a33600000,0x0000006a33700000] [id=17372]
  0x0000024c10e81b80 ConcurrentGCThread "G1 Main Marker" [stack: 0x0000006a33700000,0x0000006a33800000] [id=17540]
  0x0000024c10e82670 ConcurrentGCThread "G1 Conc#0" [stack: 0x0000006a33800000,0x0000006a33900000] [id=4956]
  0x0000024c10f032c0 ConcurrentGCThread "G1 Refine#0" [stack: 0x0000006a33900000,0x0000006a33a00000] [id=12292]
  0x0000024c10f04d50 ConcurrentGCThread "G1 Service" [stack: 0x0000006a33a00000,0x0000006a33b00000] [id=10500]

Threads with active compile tasks:

VM state: not at safepoint (normal execution)

VM Mutex/Monitor currently owned by a thread:  ([mutex/lock_event])
[0x0000024c10e33330] MetaspaceExpand_lock - owner thread: 0x0000024c10e38440

Heap address: 0x0000000760c00000, size: 2548 MB, Compressed Oops mode: Zero based, Oop shift amount: 3

CDS archive(s) mapped at: [0x0000000800000000-0x0000000800bb0000-0x0000000800bb0000), size 12255232, SharedBaseAddress: 0x0000000800000000, ArchiveRelocationMode: 0.
Compressed class space mapped at: 0x0000000800c00000-0x0000000840c00000, reserved size: 1073741824
Narrow klass base: 0x0000000800000000, Narrow klass shift: 3, Narrow klass range: 0x100000000

GC Precious Log:
 CPUs: 4 total, 4 available
 Memory: 10186M
 Large Page Support: Disabled
 NUMA Support: Disabled
 Compressed Oops: Enabled (Zero based)
 Heap Region Size: 2M
 Heap Min Capacity: 8M
 Heap Initial Capacity: 160M
 Heap Max Capacity: 2548M
 Pre-touch: Disabled
 Parallel Workers: 4
 Concurrent Workers: 1
 Concurrent Refinement Workers: 4
 Periodic GC: Disabled

Heap:
 garbage-first heap   total 163840K, used 0K [0x0000000760c00000, 0x0000000800000000)
  region size 2048K, 1 young (2048K), 0 survivors (0K)
 Metaspace       used 268K, committed 448K, reserved 1056768K
  class space    used 10K, committed 128K, reserved 1048576K

Heap Regions: E=young(eden), S=young(survivor), O=old, HS=humongous(starts), HC=humongous(continues), CS=collection set, F=free, OA=open archive, CA=closed archive, TAMS=top-at-mark-start (previous, next)
|   0|0x0000000760c00000, 0x0000000760c00000, 0x0000000760e00000|  0%| F|  |TAMS 0x0000000760c00000, 0x0000000760c00000| Untracked 
|   1|0x0000000760e00000, 0x0000000760e00000, 0x0000000761000000|  0%| F|  |TAMS 0x0000000760e00000, 0x0000000760e00000| Untracked 
|   2|0x0000000761000000, 0x0000000761000000, 0x0000000761200000|  0%| F|  |TAMS 0x0000000761000000, 0x0000000761000000| Untracked 
|   3|0x0000000761200000, 0x0000000761200000, 0x0000000761400000|  0%| F|  |TAMS 0x0000000761200000, 0x0000000761200000| Untracked 
|   4|0x0000000761400000, 0x0000000761400000, 0x0000000761600000|  0%| F|  |TAMS 0x0000000761400000, 0x0000000761400000| Untracked 
|   5|0x0000000761600000, 0x0000000761600000, 0x0000000761800000|  0%| F|  |TAMS 0x0000000761600000, 0x0000000761600000| Untracked 
|   6|0x0000000761800000, 0x0000000761800000, 0x0000000761a00000|  0%| F|  |TAMS 0x0000000761800000, 0x0000000761800000| Untracked 
|   7|0x0000000761a00000, 0x0000000761a00000, 0x0000000761c00000|  0%| F|  |TAMS 0x0000000761a00000, 0x0000000761a00000| Untracked 
|   8|0x0000000761c00000, 0x0000000761c00000, 0x0000000761e00000|  0%| F|  |TAMS 0x0000000761c00000, 0x0000000761c00000| Untracked 
|   9|0x0000000761e00000, 0x0000000761e00000, 0x0000000762000000|  0%| F|  |TAMS 0x0000000761e00000, 0x0000000761e00000| Untracked 
|  10|0x0000000762000000, 0x0000000762000000, 0x0000000762200000|  0%| F|  |TAMS 0x0000000762000000, 0x0000000762000000| Untracked 
|  11|0x0000000762200000, 0x0000000762200000, 0x0000000762400000|  0%| F|  |TAMS 0x0000000762200000, 0x0000000762200000| Untracked 
|  12|0x0000000762400000, 0x0000000762400000, 0x0000000762600000|  0%| F|  |TAMS 0x0000000762400000, 0x0000000762400000| Untracked 
|  13|0x0000000762600000, 0x0000000762600000, 0x0000000762800000|  0%| F|  |TAMS 0x0000000762600000, 0x0000000762600000| Untracked 
|  14|0x0000000762800000, 0x0000000762800000, 0x0000000762a00000|  0%| F|  |TAMS 0x0000000762800000, 0x0000000762800000| Untracked 
|  15|0x0000000762a00000, 0x0000000762a00000, 0x0000000762c00000|  0%| F|  |TAMS 0x0000000762a00000, 0x0000000762a00000| Untracked 
|  16|0x0000000762c00000, 0x0000000762c00000, 0x0000000762e00000|  0%| F|  |TAMS 0x0000000762c00000, 0x0000000762c00000| Untracked 
|  17|0x0000000762e00000, 0x0000000762e00000, 0x0000000763000000|  0%| F|  |TAMS 0x0000000762e00000, 0x0000000762e00000| Untracked 
|  18|0x0000000763000000, 0x0000000763000000, 0x0000000763200000|  0%| F|  |TAMS 0x0000000763000000, 0x0000000763000000| Untracked 
|  19|0x0000000763200000, 0x0000000763200000, 0x0000000763400000|  0%| F|  |TAMS 0x0000000763200000, 0x0000000763200000| Untracked 
|  20|0x0000000763400000, 0x0000000763400000, 0x0000000763600000|  0%| F|  |TAMS 0x0000000763400000, 0x0000000763400000| Untracked 
|  21|0x0000000763600000, 0x0000000763600000, 0x0000000763800000|  0%| F|  |TAMS 0x0000000763600000, 0x0000000763600000| Untracked 
|  22|0x0000000763800000, 0x0000000763800000, 0x0000000763a00000|  0%| F|  |TAMS 0x0000000763800000, 0x0000000763800000| Untracked 
|  23|0x0000000763a00000, 0x0000000763a00000, 0x0000000763c00000|  0%| F|  |TAMS 0x0000000763a00000, 0x0000000763a00000| Untracked 
|  24|0x0000000763c00000, 0x0000000763c00000, 0x0000000763e00000|  0%| F|  |TAMS 0x0000000763c00000, 0x0000000763c00000| Untracked 
|  25|0x0000000763e00000, 0x0000000763e00000, 0x0000000764000000|  0%| F|  |TAMS 0x0000000763e00000, 0x0000000763e00000| Untracked 
|  26|0x0000000764000000, 0x0000000764000000, 0x0000000764200000|  0%| F|  |TAMS 0x0000000764000000, 0x0000000764000000| Untracked 
|  27|0x0000000764200000, 0x0000000764200000, 0x0000000764400000|  0%| F|  |TAMS 0x0000000764200000, 0x0000000764200000| Untracked 
|  28|0x0000000764400000, 0x0000000764400000, 0x0000000764600000|  0%| F|  |TAMS 0x0000000764400000, 0x0000000764400000| Untracked 
|  29|0x0000000764600000, 0x0000000764600000, 0x0000000764800000|  0%| F|  |TAMS 0x0000000764600000, 0x0000000764600000| Untracked 
|  30|0x0000000764800000, 0x0000000764800000, 0x0000000764a00000|  0%| F|  |TAMS 0x0000000764800000, 0x0000000764800000| Untracked 
|  31|0x0000000764a00000, 0x0000000764a00000, 0x0000000764c00000|  0%| F|  |TAMS 0x0000000764a00000, 0x0000000764a00000| Untracked 
|  32|0x0000000764c00000, 0x0000000764c00000, 0x0000000764e00000|  0%| F|  |TAMS 0x0000000764c00000, 0x0000000764c00000| Untracked 
|  33|0x0000000764e00000, 0x0000000764e00000, 0x0000000765000000|  0%| F|  |TAMS 0x0000000764e00000, 0x0000000764e00000| Untracked 
|  34|0x0000000765000000, 0x0000000765000000, 0x0000000765200000|  0%| F|  |TAMS 0x0000000765000000, 0x0000000765000000| Untracked 
|  35|0x0000000765200000, 0x0000000765200000, 0x0000000765400000|  0%| F|  |TAMS 0x0000000765200000, 0x0000000765200000| Untracked 
|  36|0x0000000765400000, 0x0000000765400000, 0x0000000765600000|  0%| F|  |TAMS 0x0000000765400000, 0x0000000765400000| Untracked 
|  37|0x0000000765600000, 0x0000000765600000, 0x0000000765800000|  0%| F|  |TAMS 0x0000000765600000, 0x0000000765600000| Untracked 
|  38|0x0000000765800000, 0x0000000765800000, 0x0000000765a00000|  0%| F|  |TAMS 0x0000000765800000, 0x0000000765800000| Untracked 
|  39|0x0000000765a00000, 0x0000000765a00000, 0x0000000765c00000|  0%| F|  |TAMS 0x0000000765a00000, 0x0000000765a00000| Untracked 
|  40|0x0000000765c00000, 0x0000000765c00000, 0x0000000765e00000|  0%| F|  |TAMS 0x0000000765c00000, 0x0000000765c00000| Untracked 
|  41|0x0000000765e00000, 0x0000000765e00000, 0x0000000766000000|  0%| F|  |TAMS 0x0000000765e00000, 0x0000000765e00000| Untracked 
|  42|0x0000000766000000, 0x0000000766000000, 0x0000000766200000|  0%| F|  |TAMS 0x0000000766000000, 0x0000000766000000| Untracked 
|  43|0x0000000766200000, 0x0000000766200000, 0x0000000766400000|  0%| F|  |TAMS 0x0000000766200000, 0x0000000766200000| Untracked 
|  44|0x0000000766400000, 0x0000000766400000, 0x0000000766600000|  0%| F|  |TAMS 0x0000000766400000, 0x0000000766400000| Untracked 
|  45|0x0000000766600000, 0x0000000766600000, 0x0000000766800000|  0%| F|  |TAMS 0x0000000766600000, 0x0000000766600000| Untracked 
|  46|0x0000000766800000, 0x0000000766800000, 0x0000000766a00000|  0%| F|  |TAMS 0x0000000766800000, 0x0000000766800000| Untracked 
|  47|0x0000000766a00000, 0x0000000766a00000, 0x0000000766c00000|  0%| F|  |TAMS 0x0000000766a00000, 0x0000000766a00000| Untracked 
|  48|0x0000000766c00000, 0x0000000766c00000, 0x0000000766e00000|  0%| F|  |TAMS 0x0000000766c00000, 0x0000000766c00000| Untracked 
|  49|0x0000000766e00000, 0x0000000766e00000, 0x0000000767000000|  0%| F|  |TAMS 0x0000000766e00000, 0x0000000766e00000| Untracked 
|  50|0x0000000767000000, 0x0000000767000000, 0x0000000767200000|  0%| F|  |TAMS 0x0000000767000000, 0x0000000767000000| Untracked 
|  51|0x0000000767200000, 0x0000000767200000, 0x0000000767400000|  0%| F|  |TAMS 0x0000000767200000, 0x0000000767200000| Untracked 
|  52|0x0000000767400000, 0x0000000767400000, 0x0000000767600000|  0%| F|  |TAMS 0x0000000767400000, 0x0000000767400000| Untracked 
|  53|0x0000000767600000, 0x0000000767600000, 0x0000000767800000|  0%| F|  |TAMS 0x0000000767600000, 0x0000000767600000| Untracked 
|  54|0x0000000767800000, 0x0000000767800000, 0x0000000767a00000|  0%| F|  |TAMS 0x0000000767800000, 0x0000000767800000| Untracked 
|  55|0x0000000767a00000, 0x0000000767a00000, 0x0000000767c00000|  0%| F|  |TAMS 0x0000000767a00000, 0x0000000767a00000| Untracked 
|  56|0x0000000767c00000, 0x0000000767c00000, 0x0000000767e00000|  0%| F|  |TAMS 0x0000000767c00000, 0x0000000767c00000| Untracked 
|  57|0x0000000767e00000, 0x0000000767e00000, 0x0000000768000000|  0%| F|  |TAMS 0x0000000767e00000, 0x0000000767e00000| Untracked 
|  58|0x0000000768000000, 0x0000000768000000, 0x0000000768200000|  0%| F|  |TAMS 0x0000000768000000, 0x0000000768000000| Untracked 
|  59|0x0000000768200000, 0x0000000768200000, 0x0000000768400000|  0%| F|  |TAMS 0x0000000768200000, 0x0000000768200000| Untracked 
|  60|0x0000000768400000, 0x0000000768400000, 0x0000000768600000|  0%| F|  |TAMS 0x0000000768400000, 0x0000000768400000| Untracked 
|  61|0x0000000768600000, 0x0000000768600000, 0x0000000768800000|  0%| F|  |TAMS 0x0000000768600000, 0x0000000768600000| Untracked 
|  62|0x0000000768800000, 0x0000000768800000, 0x0000000768a00000|  0%| F|  |TAMS 0x0000000768800000, 0x0000000768800000| Untracked 
|  63|0x0000000768a00000, 0x0000000768a00000, 0x0000000768c00000|  0%| F|  |TAMS 0x0000000768a00000, 0x0000000768a00000| Untracked 
|  64|0x0000000768c00000, 0x0000000768c00000, 0x0000000768e00000|  0%| F|  |TAMS 0x0000000768c00000, 0x0000000768c00000| Untracked 
|  65|0x0000000768e00000, 0x0000000768e00000, 0x0000000769000000|  0%| F|  |TAMS 0x0000000768e00000, 0x0000000768e00000| Untracked 
|  66|0x0000000769000000, 0x0000000769000000, 0x0000000769200000|  0%| F|  |TAMS 0x0000000769000000, 0x0000000769000000| Untracked 
|  67|0x0000000769200000, 0x0000000769200000, 0x0000000769400000|  0%| F|  |TAMS 0x0000000769200000, 0x0000000769200000| Untracked 
|  68|0x0000000769400000, 0x0000000769400000, 0x0000000769600000|  0%| F|  |TAMS 0x0000000769400000, 0x0000000769400000| Untracked 
|  69|0x0000000769600000, 0x0000000769600000, 0x0000000769800000|  0%| F|  |TAMS 0x0000000769600000, 0x0000000769600000| Untracked 
|  70|0x0000000769800000, 0x0000000769800000, 0x0000000769a00000|  0%| F|  |TAMS 0x0000000769800000, 0x0000000769800000| Untracked 
|  71|0x0000000769a00000, 0x0000000769a00000, 0x0000000769c00000|  0%| F|  |TAMS 0x0000000769a00000, 0x0000000769a00000| Untracked 
|  72|0x0000000769c00000, 0x0000000769c00000, 0x0000000769e00000|  0%| F|  |TAMS 0x0000000769c00000, 0x0000000769c00000| Untracked 
|  73|0x0000000769e00000, 0x0000000769e00000, 0x000000076a000000|  0%| F|  |TAMS 0x0000000769e00000, 0x0000000769e00000| Untracked 
|  74|0x000000076a000000, 0x000000076a000000, 0x000000076a200000|  0%| F|  |TAMS 0x000000076a000000, 0x000000076a000000| Untracked 
|  75|0x000000076a200000, 0x000000076a200000, 0x000000076a400000|  0%| F|  |TAMS 0x000000076a200000, 0x000000076a200000| Untracked 
|  76|0x000000076a400000, 0x000000076a400000, 0x000000076a600000|  0%| F|  |TAMS 0x000000076a400000, 0x000000076a400000| Untracked 
|  77|0x000000076a600000, 0x000000076a600000, 0x000000076a800000|  0%| F|  |TAMS 0x000000076a600000, 0x000000076a600000| Untracked 
|  78|0x000000076a800000, 0x000000076a800000, 0x000000076aa00000|  0%| F|  |TAMS 0x000000076a800000, 0x000000076a800000| Untracked 
|  79|0x000000076aa00000, 0x000000076ab33468, 0x000000076ac00000| 60%| E|  |TAMS 0x000000076aa00000, 0x000000076aa00000| Complete 

Card table byte_map: [0x0000024c298c0000,0x0000024c29dc0000] _byte_map_base: 0x0000024c25dba000

Marking Bits (Prev, Next): (CMBitMap*) 0x0000024c10e769e0, (CMBitMap*) 0x0000024c10e76a20
 Prev Bits: [0x0000024c2a2c0000, 0x0000024c2ca90000)
 Next Bits: [0x0000024c2ca90000, 0x0000024c2f260000)

Polling page: 0x0000024c19d60000

Metaspace:

Usage:
  Non-class:    257.12 KB used.
      Class:     10.91 KB used.
       Both:    268.03 KB used.

Virtual space:
  Non-class space:        8.00 MB reserved,     320.00 KB (  4%) committed,  1 nodes.
      Class space:        1.00 GB reserved,     128.00 KB ( <1%) committed,  1 nodes.
              Both:        1.01 GB reserved,     448.00 KB ( <1%) committed. 

Chunk freelists:
   Non-Class:  4.00 MB
       Class:  3.75 MB
        Both:  7.75 MB

MaxMetaspaceSize: 17179869184.00 GB
CompressedClassSpaceSize: 1.00 GB
 - commit_granule_bytes: 65536.
 - commit_granule_words: 8192.
 - virtual_space_node_default_size: 1048576.
 - enlarge_chunks_in_place: 1.
 - new_chunks_are_fully_committed: 0.
 - uncommit_free_chunks: 1.
 - use_allocation_guard: 0.
 - handle_deallocations: 1.


Internal statistics:

num_allocs_failed_limit: 0.
num_arena_births: 4.
num_arena_deaths: 0.
num_vsnodes_births: 2.
num_vsnodes_deaths: 0.
num_space_committed: 7.
num_space_uncommitted: 0.
num_chunks_returned_to_freelist: 0.
num_chunks_taken_from_freelist: 5.
num_chunk_merges: 0.
num_chunk_splits: 2.
num_chunks_enlarged: 1.
num_purges: 0.

CodeHeap 'non-profiled nmethods': size=120000Kb used=33Kb max_used=33Kb free=119966Kb
 bounds [0x0000024c21850000, 0x0000024c21ac0000, 0x0000024c28d80000]
CodeHeap 'profiled nmethods': size=120000Kb used=105Kb max_used=105Kb free=119894Kb
 bounds [0x0000024c1a320000, 0x0000024c1a590000, 0x0000024c21850000]
CodeHeap 'non-nmethods': size=5760Kb used=1099Kb max_used=1099Kb free=4660Kb
 bounds [0x0000024c19d80000, 0x0000024c19ff0000, 0x0000024c1a320000]
 total_blobs=469 nmethods=101 adapters=281
 compilation: enabled
              stopped_count=0, restarted_count=0
 full_count=0

Compilation events (20 events):
Event: 0.185 Thread 0x0000024c318289a0   92       1       java.util.Spliterators$IteratorSpliterator::characteristics (5 bytes)
Event: 0.185 Thread 0x0000024c318289a0 nmethod 92 0x0000024c21857a10 code [0x0000024c21857ba0, 0x0000024c21857c78]
Event: 0.185 Thread 0x0000024c318289a0   97       3       java.util.HashMap::newNode (13 bytes)
Event: 0.185 Thread 0x0000024c318289a0 nmethod 97 0x0000024c1a337b10 code [0x0000024c1a337cc0, 0x0000024c1a338018]
Event: 0.185 Thread 0x0000024c318289a0   98       3       java.util.HashMap::getNode (150 bytes)
Event: 0.186 Thread 0x0000024c318289a0 nmethod 98 0x0000024c1a338110 code [0x0000024c1a338360, 0x0000024c1a338f78]
Event: 0.186 Thread 0x0000024c318289a0   96       3       java.util.HashMap$Node::<init> (26 bytes)
Event: 0.186 Thread 0x0000024c318289a0 nmethod 96 0x0000024c1a339290 code [0x0000024c1a339440, 0x0000024c1a3396d8]
Event: 0.186 Thread 0x0000024c318289a0   99       3       java.lang.String::indexOf (29 bytes)
Event: 0.186 Thread 0x0000024c318289a0 nmethod 99 0x0000024c1a339790 code [0x0000024c1a339960, 0x0000024c1a339c18]
Event: 0.186 Thread 0x0000024c318289a0   93       1       java.util.stream.AbstractPipeline::getStreamAndOpFlags (5 bytes)
Event: 0.186 Thread 0x0000024c318289a0 nmethod 93 0x0000024c21857d10 code [0x0000024c21857ea0, 0x0000024c21857f78]
Event: 0.186 Thread 0x0000024c318289a0   95       1       java.util.stream.FindOps$FindOp::getOpFlags (5 bytes)
Event: 0.186 Thread 0x0000024c318289a0 nmethod 95 0x0000024c21858010 code [0x0000024c218581a0, 0x0000024c21858278]
Event: 0.186 Thread 0x0000024c318289a0   94       1       java.util.AbstractList$RandomAccessSpliterator::characteristics (4 bytes)
Event: 0.186 Thread 0x0000024c318289a0 nmethod 94 0x0000024c21858310 code [0x0000024c218584a0, 0x0000024c21858578]
Event: 0.187 Thread 0x0000024c318289a0  100       3       java.lang.StringUTF16::getChar (60 bytes)
Event: 0.188 Thread 0x0000024c318289a0 nmethod 100 0x0000024c1a339d10 code [0x0000024c1a339ec0, 0x0000024c1a33a038]
Event: 0.189 Thread 0x0000024c318289a0  101       3       java.lang.String::indexOf (7 bytes)
Event: 0.189 Thread 0x0000024c318289a0 nmethod 101 0x0000024c1a33a110 code [0x0000024c1a33a2e0, 0x0000024c1a33a5f8]

GC Heap History (0 events):
No events

Deoptimization events (0 events):
No events

Classes unloaded (0 events):
No events

Classes redefined (0 events):
No events

Internal exceptions (3 events):
Event: 0.193 Thread 0x0000024c10e38440 Exception <a 'java/lang/UnsatisfiedLinkError'{0x000000076ab2e620}> (0x000000076ab2e620) 
thrown [t:\workspace\open\src\hotspot\share\prims\jvm.cpp, line 3639]
Event: 0.193 Thread 0x0000024c10e38440 Exception <a 'java/lang/UnsatisfiedLinkError'{0x000000076ab2e620}> (0x000000076ab2e620) 
thrown [t:\workspace\open\src\hotspot\share\prims\jni.cpp, line 579]
Event: 0.193 Thread 0x0000024c10e38440 Exception <a 'java/lang/UnsatisfiedLinkError'{0x000000076ab2e620}> (0x000000076ab2e620) 
thrown [t:\workspace\open\src\hotspot\share\oops\instanceKlass.cpp, line 1197]

Events (20 events):
Event: 0.123 loading class sun/nio/cs/UTF_8$Encoder done
Event: 0.125 Thread 0x0000024c31823420 Thread added: 0x0000024c31823420
Event: 0.125 Thread 0x0000024c31825e30 Thread added: 0x0000024c31825e30
Event: 0.126 Thread 0x0000024c31826830 Thread added: 0x0000024c31826830
Event: 0.126 Thread 0x0000024c31827230 Thread added: 0x0000024c31827230
Event: 0.126 Thread 0x0000024c31827f60 Thread added: 0x0000024c31827f60
Event: 0.126 Thread 0x0000024c318289a0 Thread added: 0x0000024c318289a0
Event: 0.126 Thread 0x0000024c31830900 Thread added: 0x0000024c31830900
Event: 0.171 Thread 0x0000024c317f3d50 Thread added: 0x0000024c317f3d50
Event: 0.192 Loading shared library C:\Program Files\Java\jdk-16.0.2\bin\net.dll failed, error code 1455
Event: 0.193 loading class java/lang/UnsatisfiedLinkError
Event: 0.193 loading class java/lang/UnsatisfiedLinkError done
Event: 0.193 loading class sun/nio/fs/WindowsException
Event: 0.194 loading class sun/nio/fs/WindowsException done
Event: 0.194 loading class java/nio/file/NoSuchFileException
Event: 0.194 loading class java/nio/file/FileSystemException
Event: 0.194 loading class java/io/IOException
Event: 0.194 loading class java/io/IOException done
Event: 0.194 loading class java/nio/file/FileSystemException done
Event: 0.194 loading class java/nio/file/NoSuchFileException done


Dynamic libraries:
0x00007ff6bae70000 - 0x00007ff6bae80000 	C:\Program Files\Java\jdk-16.0.2\bin\java.exe
0x00007ffc6efd0000 - 0x00007ffc6f1e7000 	C:\WINDOWS\SYSTEM32\ntdll.dll
0x00007ffc6dc90000 - 0x00007ffc6dd54000 	C:\WINDOWS\System32\KERNEL32.DLL
0x00007ffc6c980000 - 0x00007ffc6cd26000 	C:\WINDOWS\System32\KERNELBASE.dll
0x00007ffc6c5d0000 - 0x00007ffc6c6e1000 	C:\WINDOWS\System32\ucrtbase.dll
0x00007ffc4c870000 - 0x00007ffc4c888000 	C:\Program Files\Java\jdk-16.0.2\bin\jli.dll
0x00007ffc644c0000 - 0x00007ffc644d9000 	C:\Program Files\Java\jdk-16.0.2\bin\VCRUNTIME140.dll
0x00007ffc6cd90000 - 0x00007ffc6ce40000 	C:\WINDOWS\System32\ADVAPI32.dll
0x00007ffc6d220000 - 0x00007ffc6d2c7000 	C:\WINDOWS\System32\msvcrt.dll
0x00007ffc6cfa0000 - 0x00007ffc6d046000 	C:\WINDOWS\System32\sechost.dll
0x00007ffc6db70000 - 0x00007ffc6dc87000 	C:\WINDOWS\System32\RPCRT4.dll
0x00007ffc6de00000 - 0x00007ffc6dfad000 	C:\WINDOWS\System32\USER32.dll
0x00007ffc6c5a0000 - 0x00007ffc6c5c6000 	C:\WINDOWS\System32\win32u.dll
0x00007ffc6e0b0000 - 0x00007ffc6e0d9000 	C:\WINDOWS\System32\GDI32.dll
0x00007ffc6c410000 - 0x00007ffc6c528000 	C:\WINDOWS\System32\gdi32full.dll
0x00007ffc6c770000 - 0x00007ffc6c80a000 	C:\WINDOWS\System32\msvcp_win.dll
0x00007ffc5d440000 - 0x00007ffc5d6d3000 	C:\WINDOWS\WinSxS\amd64_microsoft.windows.common-controls_6595b64144ccf1df_6.0.22621.2361_none_2712ced57382f843\COMCTL32.dll
0x00007ffc69e80000 - 0x00007ffc69e8a000 	C:\WINDOWS\SYSTEM32\VERSION.dll
0x00007ffc6d2d0000 - 0x00007ffc6d301000 	C:\WINDOWS\System32\IMM32.DLL
0x00007ffc68010000 - 0x00007ffc6801c000 	C:\Program Files\Java\jdk-16.0.2\bin\vcruntime140_1.dll
0x00007ffc32160000 - 0x00007ffc321f1000 	C:\Program Files\Java\jdk-16.0.2\bin\msvcp140.dll
0x00007ffc016e0000 - 0x00007ffc0228b000 	C:\Program Files\Java\jdk-16.0.2\bin\server\jvm.dll
0x00007ffc6dd60000 - 0x00007ffc6dd68000 	C:\WINDOWS\System32\PSAPI.DLL
0x00007ffc69f70000 - 0x00007ffc69f79000 	C:\WINDOWS\SYSTEM32\WSOCK32.dll
0x00007ffc6d1a0000 - 0x00007ffc6d211000 	C:\WINDOWS\System32\WS2_32.dll
0x00007ffc66550000 - 0x00007ffc66584000 	C:\WINDOWS\SYSTEM32\WINMM.dll
0x00007ffc6b370000 - 0x00007ffc6b388000 	C:\WINDOWS\SYSTEM32\kernel.appcore.dll
0x00007ffc644b0000 - 0x00007ffc644ba000 	C:\Program Files\Java\jdk-16.0.2\bin\jimage.dll
0x00007ffc58c90000 - 0x00007ffc58ebe000 	C:\WINDOWS\SYSTEM32\DBGHELP.DLL
0x00007ffc6ec00000 - 0x00007ffc6ef8a000 	C:\WINDOWS\System32\combase.dll
0x00007ffc6d050000 - 0x00007ffc6d127000 	C:\WINDOWS\System32\OLEAUT32.dll
0x00007ffc5be00000 - 0x00007ffc5be32000 	C:\WINDOWS\SYSTEM32\dbgcore.DLL
0x00007ffc6c6f0000 - 0x00007ffc6c76a000 	C:\WINDOWS\System32\bcryptPrimitives.dll
0x00007ffc64380000 - 0x00007ffc643a5000 	C:\Program Files\Java\jdk-16.0.2\bin\java.dll
0x00007ffc6e280000 - 0x00007ffc6ead8000 	C:\WINDOWS\System32\SHELL32.dll
0x00007ffc6a260000 - 0x00007ffc6ab52000 	C:\WINDOWS\SYSTEM32\windows.storage.dll
0x00007ffc6a120000 - 0x00007ffc6a25e000 	C:\WINDOWS\SYSTEM32\wintypes.dll
0x00007ffc6dfb0000 - 0x00007ffc6e0a3000 	C:\WINDOWS\System32\SHCORE.dll
0x00007ffc6d130000 - 0x00007ffc6d18e000 	C:\WINDOWS\System32\shlwapi.dll
0x00007ffc6c280000 - 0x00007ffc6c2a6000 	C:\WINDOWS\SYSTEM32\profapi.dll

dbghelp: loaded successfully - version: 4.0.5 - missing functions: none
symbol engine: initialized successfully - sym options: 0x614 - pdb path: .;C:\Program Files\Java\jdk-16.0.2\bin;C:\WINDOWS\SYSTEM32;C:\WINDOWS\WinSxS\amd64_microsoft.windows.common-controls_6595b64144ccf1df_6.0.22621.2361_none_2712ced57382f843;C:\Program Files\Java\jdk-16.0.2\bin\server

VM Arguments:
jvm_args: -Dfile.encoding=UTF-8 --module-path=C:\Users\Shannon\OneDrive\Documents\NetBeansProjects\Electricity Billing System\build\classes 
java_command: electricity.billing.system.Signup
java_class_path (initial): C:\Users\Shannon\OneDrive\Documents\Java Mini Project\mysql-connector-java-8.0.28.jar;C:\Users\Shannon\OneDrive\Documents\Java Mini Project\rs2xml.jar;C:\Users\Shannon\OneDrive\Documents\NetBeansProjects\Electricity Billing System\build\classes
Launcher Type: SUN_STANDARD

[Global flags]
     intx CICompilerCount                          = 3                                         {product} {ergonomic}
     uint ConcGCThreads                            = 1                                         {product} {ergonomic}
     uint G1ConcRefinementThreads                  = 4                                         {product} {ergonomic}
   size_t G1HeapRegionSize                         = 2097152                                   {product} {ergonomic}
    uintx GCDrainStackTargetSize                   = 64                                        {product} {ergonomic}
   size_t InitialHeapSize                          = 167772160                                 {product} {ergonomic}
   size_t MarkStackSize                            = 4194304                                   {product} {ergonomic}
   size_t MaxHeapSize                              = 2671771648                                {product} {ergonomic}
   size_t MaxNewSize                               = 1602224128                                {product} {ergonomic}
   size_t MinHeapDeltaBytes                        = 2097152                                   {product} {ergonomic}
   size_t MinHeapSize                              = 8388608                                   {product} {ergonomic}
    uintx NonNMethodCodeHeapSize                   = 5832780                                {pd product} {ergonomic}
    uintx NonProfiledCodeHeapSize                  = 122912730                              {pd product} {ergonomic}
    uintx ProfiledCodeHeapSize                     = 122912730                              {pd product} {ergonomic}
    uintx ReservedCodeCacheSize                    = 251658240                              {pd product} {ergonomic}
     bool SegmentedCodeCache                       = true                                      {product} {ergonomic}
   size_t SoftMaxHeapSize                          = 2671771648                             {manageable} {ergonomic}
     bool UseCompressedClassPointers               = true                           {product lp64_product} {ergonomic}
     bool UseCompressedOops                        = true                           {product lp64_product} {ergonomic}
     bool UseG1GC                                  = true                                      {product} {ergonomic}
     bool UseLargePagesIndividualAllocation        = false                                  {pd product} {ergonomic}

Logging:
Log output configuration:
 #0: stdout all=warning uptime,level,tags
 #1: stderr all=off uptime,level,tags

Environment Variables:
JAVA_HOME=C:\Program Files\Java\jdk-16.0.2\bin
PATH=C:\Program Files\Common Files\Oracle\Java\javapath;C:\WINDOWS\system32;C:\WINDOWS;C:\WINDOWS\System32\Wbem;C:\WINDOWS\System32\WindowsPowerShell\v1.0\;C:\WINDOWS\System32\OpenSSH\;C:\Program Files\Microsoft\Web Platform Installer\;C:\Program Files (x86)\Microsoft ASP.NET\ASP.NET Web Pages\v1.0\;C:\Program Files (x86)\Windows Kits\8.0\Windows Performance Toolkit\;C:\Program Files\Microsoft SQL Server\110\Tools\Binn\;C:\Program Files (x86)\MySQL\MySQL Utilities 1.4\;C:\Program Files (x86)\MySQL\MySQL Utilities 1.4\Doctrine extensions for PHP\;C:\Program Files (x86)\Pinnacle\Shared Files\;C:\Program Files (x86)\Pinnacle\Shared Files\Filter\;C:\Program Files\Git\cmd;C:\Users\Shannon\AppData\Local\Packages\PythonSoftwareFoundation.Python.3.11_qbz5n2kfra8p0\LocalCache\local-packages\Python311\Scripts;C:\Program Files\dotnet\;C:\Users\Shannon\AppData\Local\Programs\Python\Python311\Scripts\;C:\Users\Shannon\AppData\Local\Programs\Python\Python311\;C:\Users\Shannon\AppData\Local\Microsoft\WindowsApps;C:\Users\Shannon\AppData\Local\Programs\Microsoft VS Code\bin;C:\Users\Shannon\AppData\Local\GitHubDesktop\bin;C:\msys64\ucrt64\bin;C:\Users\Shannon\.dotnet\tools
USERNAME=Shannon
OS=Windows_NT
PROCESSOR_IDENTIFIER=AMD64 Family 23 Model 24 Stepping 1, AuthenticAMD



---------------  S Y S T E M  ---------------

OS:
 Windows 10 , 64 bit Build 22621 (10.0.22621.2428)
OS uptime: 38 days 15:55 hours
Hyper-V role detected

CPU: total 4 (initial active 4) (4 cores per cpu, 1 threads per core) family 23 model 24 stepping 1 microcode 0x0, cx8, cmov, fxsr, mmx, 3dnowpref, sse, sse2, sse3, ssse3, sse4a, sse4.1, sse4.2, popcnt, lzcnt, tsc, tscinvbit, avx, avx2, aes, clmul, bmi1, bmi2, adx, sha, fma, vzeroupper, clflush, clflushopt, hv

Memory: 4k page, system-wide physical 10186M (2416M free)
TotalPageFile size 18378M (AvailPageFile size 2M)
current process WorkingSet (physical memory assigned to process): 28M, peak: 28M
current process commit charge ("private bytes"): 233M, peak: 233M

vm_info: Java HotSpot(TM) 64-Bit Server VM (16.0.2+7-67) for windows-amd64 JRE (16.0.2+7-67), built on Jun  8 2021 23:24:19 by "mach5one" with MS VC++ 16.7 (VS2019)

END.
