#
# There is insufficient memory for the Java Runtime Environment to continue.
# Native memory allocation (malloc) failed to allocate 99936 bytes for Chunk::new
# Possible reasons:
#   The system is out of physical RAM or swap space
#   The process is running with CompressedOops enabled, and the Java Heap may be blocking the growth of the native heap
# Possible solutions:
#   Reduce memory load on the system
#   Increase physical memory or swap space
#   Check if swap backing store is full
#   Decrease Java heap size (-Xmx/-Xms)
#   Decrease number of Java threads
#   Decrease Java thread stack sizes (-Xss)
#   Set larger code cache with -XX:ReservedCodeCacheSize=
#   JVM is running with Zero Based Compressed Oops mode in which the Java heap is
#     placed in the first 32GB address space. The Java Heap base address is the
#     maximum limit for the native heap growth. Please use -XX:HeapBaseMinAddress
#     to set the Java Heap base and to place the Java Heap above 32GB virtual address.
# This output file may be truncated or incomplete.
#
#  Out of Memory Error (arena.cpp:195), pid=16236, tid=18348
#
# JRE version: Java(TM) SE Runtime Environment (16.0.2+7) (build 16.0.2+7-67)
# Java VM: Java HotSpot(TM) 64-Bit Server VM (16.0.2+7-67, mixed mode, tiered, compressed oops, compressed class ptrs, g1 gc, windows-amd64)
# No core dump will be written. Minidumps are not enabled by default on client versions of Windows
#

---------------  S U M M A R Y ------------

Command Line: -Dfile.encoding=UTF-8 --module-path=C:\Users\Shannon\OneDrive\Documents\NetBeansProjects\Electricity Billing System\build\classes electricity.billing.system.Signup

Host: AMD Ryzen 3 3300U with Radeon Vega Mobile Gfx  , 4 cores, 9G,  Windows 10 , 64 bit Build 22621 (10.0.22621.2428)
Time: Wed Nov 22 21:07:04 2023 India Standard Time elapsed time: 0.275963 seconds (0d 0h 0m 0s)

---------------  T H R E A D  ---------------

Current thread (0x0000025b6144b060):  JavaThread "C2 CompilerThread0" daemon [_thread_in_native, id=18348, stack(0x000000697e900000,0x000000697ea00000)]


Current CompileTask:
C2:    276  173       4       java.util.HashMap::putVal (300 bytes)

Stack: [0x000000697e900000,0x000000697ea00000]
Native frames: (J=compiled Java code, j=interpreted, Vv=VM code, C=native code)
V  [jvm.dll+0x6681ca]
V  [jvm.dll+0x7c9e69]
V  [jvm.dll+0x7cb61e]
V  [jvm.dll+0x7cbc73]
V  [jvm.dll+0x242c55]
V  [jvm.dll+0xadeba]
V  [jvm.dll+0xae45c]
V  [jvm.dll+0x2a4cdf]
V  [jvm.dll+0x573c29]
V  [jvm.dll+0x21e48e]
V  [jvm.dll+0x217476]
V  [jvm.dll+0x214ffc]
V  [jvm.dll+0x1a1beb]
V  [jvm.dll+0x225158]
V  [jvm.dll+0x22319c]
V  [jvm.dll+0x77fa62]
V  [jvm.dll+0x7795aa]
V  [jvm.dll+0x667066]
C  [ucrtbase.dll+0x29363]
C  [KERNEL32.DLL+0x1257d]
C  [ntdll.dll+0x5aa78]


---------------  P R O C E S S  ---------------

Threads class SMR info:
_java_thread_list=0x0000025b62130870, length=11, elements={
0x0000025b42917990, 0x0000025b61414260, 0x0000025b61414e30, 0x0000025b614484e0,
0x0000025b61448df0, 0x0000025b61449700, 0x0000025b6144a420, 0x0000025b6144b060,
0x0000025b6144b9b0, 0x0000025b61458470, 0x0000025b621394f0
}

Java Threads: ( => current thread )
  0x0000025b42917990 JavaThread "main" [_thread_in_vm, id=2092, stack(0x000000697dc00000,0x000000697dd00000)]
  0x0000025b61414260 JavaThread "Reference Handler" daemon [_thread_blocked, id=12088, stack(0x000000697e300000,0x000000697e400000)]
  0x0000025b61414e30 JavaThread "Finalizer" daemon [_thread_blocked, id=21588, stack(0x000000697e400000,0x000000697e500000)]
  0x0000025b614484e0 JavaThread "Signal Dispatcher" daemon [_thread_blocked, id=13856, stack(0x000000697e500000,0x000000697e600000)]
  0x0000025b61448df0 JavaThread "Attach Listener" daemon [_thread_blocked, id=13084, stack(0x000000697e600000,0x000000697e700000)]
  0x0000025b61449700 JavaThread "Service Thread" daemon [_thread_blocked, id=11004, stack(0x000000697e700000,0x000000697e800000)]
  0x0000025b6144a420 JavaThread "Monitor Deflation Thread" daemon [_thread_blocked, id=6668, stack(0x000000697e800000,0x000000697e900000)]
=>0x0000025b6144b060 JavaThread "C2 CompilerThread0" daemon [_thread_in_native, id=18348, stack(0x000000697e900000,0x000000697ea00000)]
  0x0000025b6144b9b0 JavaThread "C1 CompilerThread0" daemon [_thread_in_native, id=22076, stack(0x000000697ea00000,0x000000697eb00000)]
  0x0000025b61458470 JavaThread "Sweeper thread" daemon [_thread_blocked, id=2536, stack(0x000000697eb00000,0x000000697ec00000)]
  0x0000025b621394f0 JavaThread "Common-Cleaner" daemon [_thread_blocked, id=12656, stack(0x000000697ec00000,0x000000697ed00000)]

Other Threads:
  0x0000025b61400940 VMThread "VM Thread" [stack: 0x000000697e200000,0x000000697e300000] [id=14288]
  0x0000025b42956c30 GCTaskThread "GC Thread#0" [stack: 0x000000697dd00000,0x000000697de00000] [id=19544]
  0x0000025b42961bc0 ConcurrentGCThread "G1 Main Marker" [stack: 0x000000697de00000,0x000000697df00000] [id=16624]
  0x0000025b429631e0 ConcurrentGCThread "G1 Conc#0" [stack: 0x000000697df00000,0x000000697e000000] [id=17144]
  0x0000025b429e9d70 ConcurrentGCThread "G1 Refine#0" [stack: 0x000000697e000000,0x000000697e100000] [id=6756]
  0x0000025b429ea600 ConcurrentGCThread "G1 Service" [stack: 0x000000697e100000,0x000000697e200000] [id=2904]

Threads with active compile tasks:
C2 CompilerThread0      297  173       4       java.util.HashMap::putVal (300 bytes)
C1 CompilerThread0      297  179       3       java.util.ImmutableCollections$MapN::probe (60 bytes)

VM state: not at safepoint (normal execution)

VM Mutex/Monitor currently owned by a thread:  ([mutex/lock_event])
[0x0000025b42913320] CodeCache_lock - owner thread: 0x0000025b42917990
[0x0000025b42914180] AdapterHandlerLibrary_lock - owner thread: 0x0000025b42917990

Heap address: 0x0000000760c00000, size: 2548 MB, Compressed Oops mode: Zero based, Oop shift amount: 3

CDS disabled.
Compressed class space mapped at: 0x0000000800000000-0x0000000840000000, reserved size: 1073741824
Narrow klass base: 0x0000000800000000, Narrow klass shift: 0, Narrow klass range: 0x40000000

GC Precious Log:
 CPUs: 4 total, 4 available
 Memory: 10186M
 Large Page Support: Disabled
 NUMA Support: Disabled
 Compressed Oops: Enabled (Zero based)
 Heap Region Size: 2M
 Heap Min Capacity: 8M
 Heap Initial Capacity: 160M
 Heap Max Capacity: 2548M
 Pre-touch: Disabled
 Parallel Workers: 4
 Concurrent Workers: 1
 Concurrent Refinement Workers: 4
 Periodic GC: Disabled

Heap:
 garbage-first heap   total 163840K, used 0K [0x0000000760c00000, 0x0000000800000000)
  region size 2048K, 1 young (2048K), 0 survivors (0K)
 Metaspace       used 5612K, committed 5760K, reserved 1056768K
  class space    used 474K, committed 512K, reserved 1048576K

Heap Regions: E=young(eden), S=young(survivor), O=old, HS=humongous(starts), HC=humongous(continues), CS=collection set, F=free, OA=open archive, CA=closed archive, TAMS=top-at-mark-start (previous, next)
|   0|0x0000000760c00000, 0x0000000760c00000, 0x0000000760e00000|  0%| F|  |TAMS 0x0000000760c00000, 0x0000000760c00000| Untracked 
|   1|0x0000000760e00000, 0x0000000760e00000, 0x0000000761000000|  0%| F|  |TAMS 0x0000000760e00000, 0x0000000760e00000| Untracked 
|   2|0x0000000761000000, 0x0000000761000000, 0x0000000761200000|  0%| F|  |TAMS 0x0000000761000000, 0x0000000761000000| Untracked 
|   3|0x0000000761200000, 0x0000000761200000, 0x0000000761400000|  0%| F|  |TAMS 0x0000000761200000, 0x0000000761200000| Untracked 
|   4|0x0000000761400000, 0x0000000761400000, 0x0000000761600000|  0%| F|  |TAMS 0x0000000761400000, 0x0000000761400000| Untracked 
|   5|0x0000000761600000, 0x0000000761600000, 0x0000000761800000|  0%| F|  |TAMS 0x0000000761600000, 0x0000000761600000| Untracked 
|   6|0x0000000761800000, 0x0000000761800000, 0x0000000761a00000|  0%| F|  |TAMS 0x0000000761800000, 0x0000000761800000| Untracked 
|   7|0x0000000761a00000, 0x0000000761a00000, 0x0000000761c00000|  0%| F|  |TAMS 0x0000000761a00000, 0x0000000761a00000| Untracked 
|   8|0x0000000761c00000, 0x0000000761c00000, 0x0000000761e00000|  0%| F|  |TAMS 0x0000000761c00000, 0x0000000761c00000| Untracked 
|   9|0x0000000761e00000, 0x0000000761e00000, 0x0000000762000000|  0%| F|  |TAMS 0x0000000761e00000, 0x0000000761e00000| Untracked 
|  10|0x0000000762000000, 0x0000000762000000, 0x0000000762200000|  0%| F|  |TAMS 0x0000000762000000, 0x0000000762000000| Untracked 
|  11|0x0000000762200000, 0x0000000762200000, 0x0000000762400000|  0%| F|  |TAMS 0x0000000762200000, 0x0000000762200000| Untracked 
|  12|0x0000000762400000, 0x0000000762400000, 0x0000000762600000|  0%| F|  |TAMS 0x0000000762400000, 0x0000000762400000| Untracked 
|  13|0x0000000762600000, 0x0000000762600000, 0x0000000762800000|  0%| F|  |TAMS 0x0000000762600000, 0x0000000762600000| Untracked 
|  14|0x0000000762800000, 0x0000000762800000, 0x0000000762a00000|  0%| F|  |TAMS 0x0000000762800000, 0x0000000762800000| Untracked 
|  15|0x0000000762a00000, 0x0000000762a00000, 0x0000000762c00000|  0%| F|  |TAMS 0x0000000762a00000, 0x0000000762a00000| Untracked 
|  16|0x0000000762c00000, 0x0000000762c00000, 0x0000000762e00000|  0%| F|  |TAMS 0x0000000762c00000, 0x0000000762c00000| Untracked 
|  17|0x0000000762e00000, 0x0000000762e00000, 0x0000000763000000|  0%| F|  |TAMS 0x0000000762e00000, 0x0000000762e00000| Untracked 
|  18|0x0000000763000000, 0x0000000763000000, 0x0000000763200000|  0%| F|  |TAMS 0x0000000763000000, 0x0000000763000000| Untracked 
|  19|0x0000000763200000, 0x0000000763200000, 0x0000000763400000|  0%| F|  |TAMS 0x0000000763200000, 0x0000000763200000| Untracked 
|  20|0x0000000763400000, 0x0000000763400000, 0x0000000763600000|  0%| F|  |TAMS 0x0000000763400000, 0x0000000763400000| Untracked 
|  21|0x0000000763600000, 0x0000000763600000, 0x0000000763800000|  0%| F|  |TAMS 0x0000000763600000, 0x0000000763600000| Untracked 
|  22|0x0000000763800000, 0x0000000763800000, 0x0000000763a00000|  0%| F|  |TAMS 0x0000000763800000, 0x0000000763800000| Untracked 
|  23|0x0000000763a00000, 0x0000000763a00000, 0x0000000763c00000|  0%| F|  |TAMS 0x0000000763a00000, 0x0000000763a00000| Untracked 
|  24|0x0000000763c00000, 0x0000000763c00000, 0x0000000763e00000|  0%| F|  |TAMS 0x0000000763c00000, 0x0000000763c00000| Untracked 
|  25|0x0000000763e00000, 0x0000000763e00000, 0x0000000764000000|  0%| F|  |TAMS 0x0000000763e00000, 0x0000000763e00000| Untracked 
|  26|0x0000000764000000, 0x0000000764000000, 0x0000000764200000|  0%| F|  |TAMS 0x0000000764000000, 0x0000000764000000| Untracked 
|  27|0x0000000764200000, 0x0000000764200000, 0x0000000764400000|  0%| F|  |TAMS 0x0000000764200000, 0x0000000764200000| Untracked 
|  28|0x0000000764400000, 0x0000000764400000, 0x0000000764600000|  0%| F|  |TAMS 0x0000000764400000, 0x0000000764400000| Untracked 
|  29|0x0000000764600000, 0x0000000764600000, 0x0000000764800000|  0%| F|  |TAMS 0x0000000764600000, 0x0000000764600000| Untracked 
|  30|0x0000000764800000, 0x0000000764800000, 0x0000000764a00000|  0%| F|  |TAMS 0x0000000764800000, 0x0000000764800000| Untracked 
|  31|0x0000000764a00000, 0x0000000764a00000, 0x0000000764c00000|  0%| F|  |TAMS 0x0000000764a00000, 0x0000000764a00000| Untracked 
|  32|0x0000000764c00000, 0x0000000764c00000, 0x0000000764e00000|  0%| F|  |TAMS 0x0000000764c00000, 0x0000000764c00000| Untracked 
|  33|0x0000000764e00000, 0x0000000764e00000, 0x0000000765000000|  0%| F|  |TAMS 0x0000000764e00000, 0x0000000764e00000| Untracked 
|  34|0x0000000765000000, 0x0000000765000000, 0x0000000765200000|  0%| F|  |TAMS 0x0000000765000000, 0x0000000765000000| Untracked 
|  35|0x0000000765200000, 0x0000000765200000, 0x0000000765400000|  0%| F|  |TAMS 0x0000000765200000, 0x0000000765200000| Untracked 
|  36|0x0000000765400000, 0x0000000765400000, 0x0000000765600000|  0%| F|  |TAMS 0x0000000765400000, 0x0000000765400000| Untracked 
|  37|0x0000000765600000, 0x0000000765600000, 0x0000000765800000|  0%| F|  |TAMS 0x0000000765600000, 0x0000000765600000| Untracked 
|  38|0x0000000765800000, 0x0000000765800000, 0x0000000765a00000|  0%| F|  |TAMS 0x0000000765800000, 0x0000000765800000| Untracked 
|  39|0x0000000765a00000, 0x0000000765a00000, 0x0000000765c00000|  0%| F|  |TAMS 0x0000000765a00000, 0x0000000765a00000| Untracked 
|  40|0x0000000765c00000, 0x0000000765c00000, 0x0000000765e00000|  0%| F|  |TAMS 0x0000000765c00000, 0x0000000765c00000| Untracked 
|  41|0x0000000765e00000, 0x0000000765e00000, 0x0000000766000000|  0%| F|  |TAMS 0x0000000765e00000, 0x0000000765e00000| Untracked 
|  42|0x0000000766000000, 0x0000000766000000, 0x0000000766200000|  0%| F|  |TAMS 0x0000000766000000, 0x0000000766000000| Untracked 
|  43|0x0000000766200000, 0x0000000766200000, 0x0000000766400000|  0%| F|  |TAMS 0x0000000766200000, 0x0000000766200000| Untracked 
|  44|0x0000000766400000, 0x0000000766400000, 0x0000000766600000|  0%| F|  |TAMS 0x0000000766400000, 0x0000000766400000| Untracked 
|  45|0x0000000766600000, 0x0000000766600000, 0x0000000766800000|  0%| F|  |TAMS 0x0000000766600000, 0x0000000766600000| Untracked 
|  46|0x0000000766800000, 0x0000000766800000, 0x0000000766a00000|  0%| F|  |TAMS 0x0000000766800000, 0x0000000766800000| Untracked 
|  47|0x0000000766a00000, 0x0000000766a00000, 0x0000000766c00000|  0%| F|  |TAMS 0x0000000766a00000, 0x0000000766a00000| Untracked 
|  48|0x0000000766c00000, 0x0000000766c00000, 0x0000000766e00000|  0%| F|  |TAMS 0x0000000766c00000, 0x0000000766c00000| Untracked 
|  49|0x0000000766e00000, 0x0000000766e00000, 0x0000000767000000|  0%| F|  |TAMS 0x0000000766e00000, 0x0000000766e00000| Untracked 
|  50|0x0000000767000000, 0x0000000767000000, 0x0000000767200000|  0%| F|  |TAMS 0x0000000767000000, 0x0000000767000000| Untracked 
|  51|0x0000000767200000, 0x0000000767200000, 0x0000000767400000|  0%| F|  |TAMS 0x0000000767200000, 0x0000000767200000| Untracked 
|  52|0x0000000767400000, 0x0000000767400000, 0x0000000767600000|  0%| F|  |TAMS 0x0000000767400000, 0x0000000767400000| Untracked 
|  53|0x0000000767600000, 0x0000000767600000, 0x0000000767800000|  0%| F|  |TAMS 0x0000000767600000, 0x0000000767600000| Untracked 
|  54|0x0000000767800000, 0x0000000767800000, 0x0000000767a00000|  0%| F|  |TAMS 0x0000000767800000, 0x0000000767800000| Untracked 
|  55|0x0000000767a00000, 0x0000000767a00000, 0x0000000767c00000|  0%| F|  |TAMS 0x0000000767a00000, 0x0000000767a00000| Untracked 
|  56|0x0000000767c00000, 0x0000000767c00000, 0x0000000767e00000|  0%| F|  |TAMS 0x0000000767c00000, 0x0000000767c00000| Untracked 
|  57|0x0000000767e00000, 0x0000000767e00000, 0x0000000768000000|  0%| F|  |TAMS 0x0000000767e00000, 0x0000000767e00000| Untracked 
|  58|0x0000000768000000, 0x0000000768000000, 0x0000000768200000|  0%| F|  |TAMS 0x0000000768000000, 0x0000000768000000| Untracked 
|  59|0x0000000768200000, 0x0000000768200000, 0x0000000768400000|  0%| F|  |TAMS 0x0000000768200000, 0x0000000768200000| Untracked 
|  60|0x0000000768400000, 0x0000000768400000, 0x0000000768600000|  0%| F|  |TAMS 0x0000000768400000, 0x0000000768400000| Untracked 
|  61|0x0000000768600000, 0x0000000768600000, 0x0000000768800000|  0%| F|  |TAMS 0x0000000768600000, 0x0000000768600000| Untracked 
|  62|0x0000000768800000, 0x0000000768800000, 0x0000000768a00000|  0%| F|  |TAMS 0x0000000768800000, 0x0000000768800000| Untracked 
|  63|0x0000000768a00000, 0x0000000768a00000, 0x0000000768c00000|  0%| F|  |TAMS 0x0000000768a00000, 0x0000000768a00000| Untracked 
|  64|0x0000000768c00000, 0x0000000768c00000, 0x0000000768e00000|  0%| F|  |TAMS 0x0000000768c00000, 0x0000000768c00000| Untracked 
|  65|0x0000000768e00000, 0x0000000768e00000, 0x0000000769000000|  0%| F|  |TAMS 0x0000000768e00000, 0x0000000768e00000| Untracked 
|  66|0x0000000769000000, 0x0000000769000000, 0x0000000769200000|  0%| F|  |TAMS 0x0000000769000000, 0x0000000769000000| Untracked 
|  67|0x0000000769200000, 0x0000000769200000, 0x0000000769400000|  0%| F|  |TAMS 0x0000000769200000, 0x0000000769200000| Untracked 
|  68|0x0000000769400000, 0x0000000769400000, 0x0000000769600000|  0%| F|  |TAMS 0x0000000769400000, 0x0000000769400000| Untracked 
|  69|0x0000000769600000, 0x0000000769600000, 0x0000000769800000|  0%| F|  |TAMS 0x0000000769600000, 0x0000000769600000| Untracked 
|  70|0x0000000769800000, 0x0000000769800000, 0x0000000769a00000|  0%| F|  |TAMS 0x0000000769800000, 0x0000000769800000| Untracked 
|  71|0x0000000769a00000, 0x0000000769a00000, 0x0000000769c00000|  0%| F|  |TAMS 0x0000000769a00000, 0x0000000769a00000| Untracked 
|  72|0x0000000769c00000, 0x0000000769c00000, 0x0000000769e00000|  0%| F|  |TAMS 0x0000000769c00000, 0x0000000769c00000| Untracked 
|  73|0x0000000769e00000, 0x0000000769e00000, 0x000000076a000000|  0%| F|  |TAMS 0x0000000769e00000, 0x0000000769e00000| Untracked 
|  74|0x000000076a000000, 0x000000076a000000, 0x000000076a200000|  0%| F|  |TAMS 0x000000076a000000, 0x000000076a000000| Untracked 
|  75|0x000000076a200000, 0x000000076a200000, 0x000000076a400000|  0%| F|  |TAMS 0x000000076a200000, 0x000000076a200000| Untracked 
|  76|0x000000076a400000, 0x000000076a400000, 0x000000076a600000|  0%| F|  |TAMS 0x000000076a400000, 0x000000076a400000| Untracked 
|  77|0x000000076a600000, 0x000000076a600000, 0x000000076a800000|  0%| F|  |TAMS 0x000000076a600000, 0x000000076a600000| Untracked 
|  78|0x000000076a800000, 0x000000076a800000, 0x000000076aa00000|  0%| F|  |TAMS 0x000000076a800000, 0x000000076a800000| Untracked 
|  79|0x000000076aa00000, 0x000000076abeb9e0, 0x000000076ac00000| 96%| E|  |TAMS 0x000000076aa00000, 0x000000076aa00000| Complete 

Card table byte_map: [0x0000025b59590000,0x0000025b59a90000] _byte_map_base: 0x0000025b55a8a000

Marking Bits (Prev, Next): (CMBitMap*) 0x0000025b42957230, (CMBitMap*) 0x0000025b42957270
 Prev Bits: [0x0000025b59f90000, 0x0000025b5c760000)
 Next Bits: [0x0000025b5c760000, 0x0000025b5ef30000)

Polling page: 0x0000025b40930000

Metaspace:

Usage:
  Non-class:      5.02 MB used.
      Class:    474.70 KB used.
       Both:      5.48 MB used.

Virtual space:
  Non-class space:        8.00 MB reserved,       5.12 MB ( 64%) committed,  1 nodes.
      Class space:        1.00 GB reserved,     512.00 KB ( <1%) committed,  1 nodes.
              Both:        1.01 GB reserved,       5.62 MB ( <1%) committed. 

Chunk freelists:
   Non-Class:  2.50 MB
       Class:  3.53 MB
        Both:  6.03 MB

MaxMetaspaceSize: 17179869184.00 GB
CompressedClassSpaceSize: 1.00 GB
 - commit_granule_bytes: 65536.
 - commit_granule_words: 8192.
 - virtual_space_node_default_size: 1048576.
 - enlarge_chunks_in_place: 1.
 - new_chunks_are_fully_committed: 0.
 - uncommit_free_chunks: 1.
 - use_allocation_guard: 0.
 - handle_deallocations: 1.


Internal statistics:

num_allocs_failed_limit: 0.
num_arena_births: 4.
num_arena_deaths: 0.
num_vsnodes_births: 2.
num_vsnodes_deaths: 0.
num_space_committed: 90.
num_space_uncommitted: 0.
num_chunks_returned_to_freelist: 0.
num_chunks_taken_from_freelist: 10.
num_chunk_merges: 0.
num_chunk_splits: 3.
num_chunks_enlarged: 1.
num_purges: 0.

CodeHeap 'non-profiled nmethods': size=120000Kb used=51Kb max_used=51Kb free=119949Kb
 bounds [0x0000025b51b60000, 0x0000025b51dd0000, 0x0000025b59090000]
CodeHeap 'profiled nmethods': size=120000Kb used=205Kb max_used=205Kb free=119794Kb
 bounds [0x0000025b4a630000, 0x0000025b4a8a0000, 0x0000025b51b60000]
CodeHeap 'non-nmethods': size=5760Kb used=1087Kb max_used=1101Kb free=4672Kb
 bounds [0x0000025b4a090000, 0x0000025b4a300000, 0x0000025b4a630000]
 total_blobs=529 nmethods=177 adapters=264
 compilation: enabled
              stopped_count=0, restarted_count=0
 full_count=0

Compilation events (20 events):
Event: 0.268 Thread 0x0000025b6144b9b0 nmethod 167 0x0000025b51b6b190 code [0x0000025b51b6b320, 0x0000025b51b6b3f8]
Event: 0.268 Thread 0x0000025b6144b9b0  168       1       java.lang.module.ModuleDescriptor::uses (5 bytes)
Event: 0.268 Thread 0x0000025b6144b9b0 nmethod 168 0x0000025b51b6b490 code [0x0000025b51b6b620, 0x0000025b51b6b6f8]
Event: 0.269 Thread 0x0000025b6144b9b0  169       1       java.util.HashMap$Node::getValue (5 bytes)
Event: 0.269 Thread 0x0000025b6144b9b0 nmethod 169 0x0000025b51b6b790 code [0x0000025b51b6b920, 0x0000025b51b6b9f8]
Event: 0.269 Thread 0x0000025b6144b060  170       4       java.lang.module.ModuleDescriptor$Exports::isQualified (18 bytes)
Event: 0.269 Thread 0x0000025b6144b9b0  171       3       java.util.ImmutableCollections$Set12$1::next (95 bytes)
Event: 0.270 Thread 0x0000025b6144b9b0 nmethod 171 0x0000025b4a661f90 code [0x0000025b4a662160, 0x0000025b4a662408]
Event: 0.270 Thread 0x0000025b6144b9b0  172       3       java.util.HashMap::containsKey (14 bytes)
Event: 0.270 Thread 0x0000025b6144b9b0 nmethod 172 0x0000025b4a662510 code [0x0000025b4a6626c0, 0x0000025b4a662868]
Event: 0.270 Thread 0x0000025b6144b060 nmethod 170 0x0000025b51b6ba90 code [0x0000025b51b6bc20, 0x0000025b51b6bcf8]
Event: 0.270 Thread 0x0000025b6144b060  173       4       java.util.HashMap::putVal (300 bytes)
Event: 0.270 Thread 0x0000025b6144b9b0  174       3       java.util.AbstractSet::<init> (5 bytes)
Event: 0.271 Thread 0x0000025b6144b9b0 nmethod 174 0x0000025b4a662910 code [0x0000025b4a662ac0, 0x0000025b4a662c78]
Event: 0.271 Thread 0x0000025b6144b9b0  176       3       java.lang.StringLatin1::lastIndexOf (125 bytes)
Event: 0.272 Thread 0x0000025b6144b9b0 nmethod 176 0x0000025b4a662d90 code [0x0000025b4a662f60, 0x0000025b4a6633f8]
Event: 0.272 Thread 0x0000025b6144b9b0  177       1       java.util.KeyValueHolder::getKey (5 bytes)
Event: 0.272 Thread 0x0000025b6144b9b0 nmethod 177 0x0000025b51b6bd90 code [0x0000025b51b6bf20, 0x0000025b51b6bff8]
Event: 0.272 Thread 0x0000025b6144b9b0  178       1       java.util.KeyValueHolder::getValue (5 bytes)
Event: 0.272 Thread 0x0000025b6144b9b0 nmethod 178 0x0000025b51b6c090 code [0x0000025b51b6c220, 0x0000025b51b6c2f8]

GC Heap History (0 events):
No events

Deoptimization events (0 events):
No events

Classes unloaded (0 events):
No events

Classes redefined (0 events):
No events

Internal exceptions (4 events):
Event: 0.233 Thread 0x0000025b42917990 Exception <a 'sun/nio/fs/WindowsException'{0x000000076ab4a668}> (0x000000076ab4a668) 
thrown [t:\workspace\open\src\hotspot\share\prims\jni.cpp, line 579]
Event: 0.233 Thread 0x0000025b42917990 Exception <a 'sun/nio/fs/WindowsException'{0x000000076ab4ac38}> (0x000000076ab4ac38) 
thrown [t:\workspace\open\src\hotspot\share\prims\jni.cpp, line 579]
Event: 0.239 Thread 0x0000025b42917990 Exception <a 'sun/nio/fs/WindowsException'{0x000000076ab4d2d0}> (0x000000076ab4d2d0) 
thrown [t:\workspace\open\src\hotspot\share\prims\jni.cpp, line 579]
Event: 0.240 Thread 0x0000025b42917990 Exception <a 'sun/nio/fs/WindowsException'{0x000000076ab4de80}> (0x000000076ab4de80) 
thrown [t:\workspace\open\src\hotspot\share\prims\jni.cpp, line 579]

Events (20 events):
Event: 0.239 loading class sun/nio/fs/WindowsSecurityDescriptor done
Event: 0.240 loading class java/util/HashMap$ValueSpliterator
Event: 0.241 loading class java/util/HashMap$HashMapSpliterator
Event: 0.241 loading class java/util/HashMap$HashMapSpliterator done
Event: 0.241 loading class java/util/HashMap$ValueSpliterator done
Event: 0.242 loading class java/util/HashMap$KeySpliterator
Event: 0.242 loading class java/util/HashMap$KeySpliterator done
Event: 0.242 loading class java/util/Collections$UnmodifiableCollection$1
Event: 0.242 loading class java/util/Collections$UnmodifiableCollection$1 done
Event: 0.243 loading class java/lang/ModuleLayer
Event: 0.243 loading class java/lang/ModuleLayer done
Event: 0.244 loading class java/util/LinkedHashSet
Event: 0.245 loading class java/util/LinkedHashSet done
Event: 0.245 loading class java/util/LinkedHashMap
Event: 0.245 loading class java/util/LinkedHashMap done
Event: 0.245 Executing  VM operation: HandshakeAllThreads
Event: 0.245 Executing  VM operation: HandshakeAllThreads done
Event: 0.246 loading class java/lang/module/ResolvedModule
Event: 0.246 loading class java/lang/module/ResolvedModule done
Event: 0.272 loading class jdk/internal/module/ModuleLoaderMap


Dynamic libraries:
0x00007ff6bae70000 - 0x00007ff6bae80000 	C:\Program Files\Java\jdk-16.0.2\bin\java.exe
0x00007ffc6efd0000 - 0x00007ffc6f1e7000 	C:\WINDOWS\SYSTEM32\ntdll.dll
0x00007ffc6dc90000 - 0x00007ffc6dd54000 	C:\WINDOWS\System32\KERNEL32.DLL
0x00007ffc6c980000 - 0x00007ffc6cd26000 	C:\WINDOWS\System32\KERNELBASE.dll
0x00007ffc6c5d0000 - 0x00007ffc6c6e1000 	C:\WINDOWS\System32\ucrtbase.dll
0x00007ffc644c0000 - 0x00007ffc644d9000 	C:\Program Files\Java\jdk-16.0.2\bin\VCRUNTIME140.dll
0x00007ffc4c870000 - 0x00007ffc4c888000 	C:\Program Files\Java\jdk-16.0.2\bin\jli.dll
0x00007ffc6cd90000 - 0x00007ffc6ce40000 	C:\WINDOWS\System32\ADVAPI32.dll
0x00007ffc6d220000 - 0x00007ffc6d2c7000 	C:\WINDOWS\System32\msvcrt.dll
0x00007ffc6cfa0000 - 0x00007ffc6d046000 	C:\WINDOWS\System32\sechost.dll
0x00007ffc6db70000 - 0x00007ffc6dc87000 	C:\WINDOWS\System32\RPCRT4.dll
0x00007ffc6de00000 - 0x00007ffc6dfad000 	C:\WINDOWS\System32\USER32.dll
0x00007ffc6c5a0000 - 0x00007ffc6c5c6000 	C:\WINDOWS\System32\win32u.dll
0x00007ffc6e0b0000 - 0x00007ffc6e0d9000 	C:\WINDOWS\System32\GDI32.dll
0x00007ffc6c410000 - 0x00007ffc6c528000 	C:\WINDOWS\System32\gdi32full.dll
0x00007ffc6c770000 - 0x00007ffc6c80a000 	C:\WINDOWS\System32\msvcp_win.dll
0x00007ffc5d440000 - 0x00007ffc5d6d3000 	C:\WINDOWS\WinSxS\amd64_microsoft.windows.common-controls_6595b64144ccf1df_6.0.22621.2361_none_2712ced57382f843\COMCTL32.dll
0x00007ffc69e80000 - 0x00007ffc69e8a000 	C:\WINDOWS\SYSTEM32\VERSION.dll
0x00007ffc6d2d0000 - 0x00007ffc6d301000 	C:\WINDOWS\System32\IMM32.DLL
0x00007ffc68010000 - 0x00007ffc6801c000 	C:\Program Files\Java\jdk-16.0.2\bin\vcruntime140_1.dll
0x00007ffc32160000 - 0x00007ffc321f1000 	C:\Program Files\Java\jdk-16.0.2\bin\msvcp140.dll
0x00007ffc016e0000 - 0x00007ffc0228b000 	C:\Program Files\Java\jdk-16.0.2\bin\server\jvm.dll
0x00007ffc6dd60000 - 0x00007ffc6dd68000 	C:\WINDOWS\System32\PSAPI.DLL
0x00007ffc66550000 - 0x00007ffc66584000 	C:\WINDOWS\SYSTEM32\WINMM.dll
0x00007ffc69f70000 - 0x00007ffc69f79000 	C:\WINDOWS\SYSTEM32\WSOCK32.dll
0x00007ffc6d1a0000 - 0x00007ffc6d211000 	C:\WINDOWS\System32\ws2_32.DLL
0x00007ffc6b370000 - 0x00007ffc6b388000 	C:\WINDOWS\SYSTEM32\kernel.appcore.dll
0x00007ffc644b0000 - 0x00007ffc644ba000 	C:\Program Files\Java\jdk-16.0.2\bin\jimage.dll
0x00007ffc58c90000 - 0x00007ffc58ebe000 	C:\WINDOWS\SYSTEM32\DBGHELP.DLL
0x00007ffc6ec00000 - 0x00007ffc6ef8a000 	C:\WINDOWS\System32\combase.dll
0x00007ffc6d050000 - 0x00007ffc6d127000 	C:\WINDOWS\System32\OLEAUT32.dll
0x00007ffc5be00000 - 0x00007ffc5be32000 	C:\WINDOWS\SYSTEM32\dbgcore.DLL
0x00007ffc6c6f0000 - 0x00007ffc6c76a000 	C:\WINDOWS\System32\bcryptPrimitives.dll
0x00007ffc64380000 - 0x00007ffc643a5000 	C:\Program Files\Java\jdk-16.0.2\bin\java.dll
0x00007ffc6e280000 - 0x00007ffc6ead8000 	C:\WINDOWS\System32\SHELL32.dll
0x00007ffc6a260000 - 0x00007ffc6ab52000 	C:\WINDOWS\SYSTEM32\windows.storage.dll
0x00007ffc6a120000 - 0x00007ffc6a25e000 	C:\WINDOWS\SYSTEM32\wintypes.dll
0x00007ffc6dfb0000 - 0x00007ffc6e0a3000 	C:\WINDOWS\System32\SHCORE.dll
0x00007ffc6d130000 - 0x00007ffc6d18e000 	C:\WINDOWS\System32\shlwapi.dll
0x00007ffc6c280000 - 0x00007ffc6c2a6000 	C:\WINDOWS\SYSTEM32\profapi.dll
0x00007ffc62b50000 - 0x00007ffc62b69000 	C:\Program Files\Java\jdk-16.0.2\bin\net.dll
0x00007ffc66240000 - 0x00007ffc66377000 	C:\WINDOWS\SYSTEM32\WINHTTP.dll
0x00007ffc6b810000 - 0x00007ffc6b879000 	C:\WINDOWS\system32\mswsock.dll
0x00007ffc625d0000 - 0x00007ffc625e3000 	C:\Program Files\Java\jdk-16.0.2\bin\nio.dll

dbghelp: loaded successfully - version: 4.0.5 - missing functions: none
symbol engine: initialized successfully - sym options: 0x614 - pdb path: .;C:\Program Files\Java\jdk-16.0.2\bin;C:\WINDOWS\SYSTEM32;C:\WINDOWS\WinSxS\amd64_microsoft.windows.common-controls_6595b64144ccf1df_6.0.22621.2361_none_2712ced57382f843;C:\Program Files\Java\jdk-16.0.2\bin\server

VM Arguments:
jvm_args: -Dfile.encoding=UTF-8 --module-path=C:\Users\Shannon\OneDrive\Documents\NetBeansProjects\Electricity Billing System\build\classes 
java_command: electricity.billing.system.Signup
java_class_path (initial): C:\Users\Shannon\OneDrive\Documents\Java Mini Project\mysql-connector-java-8.0.28.jar;C:\Users\Shannon\OneDrive\Documents\Java Mini Project\rs2xml.jar;C:\Users\Shannon\OneDrive\Documents\NetBeansProjects\Electricity Billing System\build\classes
Launcher Type: SUN_STANDARD

[Global flags]
     intx CICompilerCount                          = 3                                         {product} {ergonomic}
     uint ConcGCThreads                            = 1                                         {product} {ergonomic}
     uint G1ConcRefinementThreads                  = 4                                         {product} {ergonomic}
   size_t G1HeapRegionSize                         = 2097152                                   {product} {ergonomic}
    uintx GCDrainStackTargetSize                   = 64                                        {product} {ergonomic}
   size_t InitialHeapSize                          = 167772160                                 {product} {ergonomic}
   size_t MarkStackSize                            = 4194304                                   {product} {ergonomic}
   size_t MaxHeapSize                              = 2671771648                                {product} {ergonomic}
   size_t MaxNewSize                               = 1602224128                                {product} {ergonomic}
   size_t MinHeapDeltaBytes                        = 2097152                                   {product} {ergonomic}
   size_t MinHeapSize                              = 8388608                                   {product} {ergonomic}
    uintx NonNMethodCodeHeapSize                   = 5832780                                {pd product} {ergonomic}
    uintx NonProfiledCodeHeapSize                  = 122912730                              {pd product} {ergonomic}
    uintx ProfiledCodeHeapSize                     = 122912730                              {pd product} {ergonomic}
    uintx ReservedCodeCacheSize                    = 251658240                              {pd product} {ergonomic}
     bool SegmentedCodeCache                       = true                                      {product} {ergonomic}
   size_t SoftMaxHeapSize                          = 2671771648                             {manageable} {ergonomic}
     bool UseCompressedClassPointers               = true                           {product lp64_product} {ergonomic}
     bool UseCompressedOops                        = true                           {product lp64_product} {ergonomic}
     bool UseG1GC                                  = true                                      {product} {ergonomic}
     bool UseLargePagesIndividualAllocation        = false                                  {pd product} {ergonomic}

Logging:
Log output configuration:
 #0: stdout all=warning uptime,level,tags
 #1: stderr all=off uptime,level,tags

Environment Variables:
JAVA_HOME=C:\Program Files\Java\jdk-16.0.2\bin
PATH=C:\Program Files\Common Files\Oracle\Java\javapath;C:\WINDOWS\system32;C:\WINDOWS;C:\WINDOWS\System32\Wbem;C:\WINDOWS\System32\WindowsPowerShell\v1.0\;C:\WINDOWS\System32\OpenSSH\;C:\Program Files\Microsoft\Web Platform Installer\;C:\Program Files (x86)\Microsoft ASP.NET\ASP.NET Web Pages\v1.0\;C:\Program Files (x86)\Windows Kits\8.0\Windows Performance Toolkit\;C:\Program Files\Microsoft SQL Server\110\Tools\Binn\;C:\Program Files (x86)\MySQL\MySQL Utilities 1.4\;C:\Program Files (x86)\MySQL\MySQL Utilities 1.4\Doctrine extensions for PHP\;C:\Program Files (x86)\Pinnacle\Shared Files\;C:\Program Files (x86)\Pinnacle\Shared Files\Filter\;C:\Program Files\Git\cmd;C:\Users\Shannon\AppData\Local\Packages\PythonSoftwareFoundation.Python.3.11_qbz5n2kfra8p0\LocalCache\local-packages\Python311\Scripts;C:\Program Files\dotnet\;C:\Users\Shannon\AppData\Local\Programs\Python\Python311\Scripts\;C:\Users\Shannon\AppData\Local\Programs\Python\Python311\;C:\Users\Shannon\AppData\Local\Microsoft\WindowsApps;C:\Users\Shannon\AppData\Local\Programs\Microsoft VS Code\bin;C:\Users\Shannon\AppData\Local\GitHubDesktop\bin;C:\msys64\ucrt64\bin;C:\Users\Shannon\.dotnet\tools
USERNAME=Shannon
OS=Windows_NT
PROCESSOR_IDENTIFIER=AMD64 Family 23 Model 24 Stepping 1, AuthenticAMD



---------------  S Y S T E M  ---------------

OS:
 Windows 10 , 64 bit Build 22621 (10.0.22621.2428)
OS uptime: 38 days 15:56 hours
Hyper-V role detected

CPU: total 4 (initial active 4) (4 cores per cpu, 1 threads per core) family 23 model 24 stepping 1 microcode 0x0, cx8, cmov, fxsr, mmx, 3dnowpref, sse, sse2, sse3, ssse3, sse4a, sse4.1, sse4.2, popcnt, lzcnt, tsc, tscinvbit, avx, avx2, aes, clmul, bmi1, bmi2, adx, sha, fma, vzeroupper, clflush, clflushopt, hv

Memory: 4k page, system-wide physical 10186M (2361M free)
TotalPageFile size 18378M (AvailPageFile size 0M)
current process WorkingSet (physical memory assigned to process): 30M, peak: 30M
current process commit charge ("private bytes"): 229M, peak: 230M

vm_info: Java HotSpot(TM) 64-Bit Server VM (16.0.2+7-67) for windows-amd64 JRE (16.0.2+7-67), built on Jun  8 2021 23:24:19 by "mach5one" with MS VC++ 16.7 (VS2019)

END.
